-------------------------------------------------------------------------------
Test set: TestSuite
-------------------------------------------------------------------------------
Tests run: 1, Failures: 1, Errors: 0, Skipped: 0, Time elapsed: 2.164 s <<< FAILURE! - in TestSuite
ApiExampleProjectTestRunner.runScenario  Time elapsed: 0.673 s  <<< FAILURE!
java.lang.reflect.InvocationTargetException
Caused by: java.lang.NullPointerException

