<?xml version="1.0" encoding="UTF-8"?>
<testsuite xmlns:xsi="http://www.w3.org/2001/XMLSchema-instance" xsi:noNamespaceSchemaLocation="https://maven.apache.org/surefire/maven-surefire-plugin/xsd/surefire-test-report-3.0.xsd" version="3.0" name="TestSuite" time="2.164" tests="1" errors="0" skipped="0" failures="1">
  <properties>
[...]
</properties>
  <testcase name="runScenario" classname="ApiExampleProjectTestRunner" time="0.673">
    <failure type="java.lang.reflect.InvocationTargetException"><![CDATA[java.lang.reflect.InvocationTargetException
Caused by: java.lang.NullPointerException
]]></failure>
    <system-out><![CDATA[01/10/20 17:08:53 INFO  BasicHook:20 - ------ Starting -----obtengo el token-----
01/10/20 17:08:54 INFO  BasicHook:35 - ------ Ending -----obtengo el token-----
]]></system-out>
  </testcase>
</testsuite>