<?xml version="1.0" encoding="UTF-8"?>
<!-- Generated by org.testng.reporters.JUnitXMLReporter -->
<testsuite hostname="DESKTOP-OBHFFB3" ignored="0" name="Login and Update Profile Test" tests="1" failures="1" timestamp="01 oct 2020 20:08:54 GMT" time="0.967" errors="0">
  <testcase name="runScenario" time="0.661" classname="cucumber.api.testng.AbstractTestNGCucumberTests">
    <failure type="java.lang.reflect.InvocationTargetException">
      <![CDATA[java.lang.reflect.InvocationTargetException
at ar.steps.SwaggerToken.realizoUnaPeticionEndpointAlEntityConLaSiguienteRequest(SwaggerToken.java:18)
at ✽.Realizo una peticion POST al TOKEN con la siguiente request/createToken(file:src/test/resources/features/ApiSwaggerToken.feature:5)
Caused by: java.lang.NullPointerException
at java.lang.String.replace(String.java:2240)
at com.crowdar.api.rest.MethodsService.getRequest(MethodsService.java:105)
at com.crowdar.api.rest.MethodsService.get(MethodsService.java:29)
at services.CreateTokenService.post(CreateTokenService.java:16)
at ar.steps.SwaggerToken.realizoUnaPeticionEndpointAlEntityConLaSiguienteRequest(SwaggerToken.java:18)
at cucumber.runtime.Utils$1.call(Utils.java:26)
at cucumber.runtime.Timeout.timeout(Timeout.java:16)
at cucumber.runtime.Utils.invoke(Utils.java:20)
at cucumber.runtime.java.JavaStepDefinition.execute(JavaStepDefinition.java:57)
at cucumber.runner.PickleStepDefinitionMatch.runStep(PickleStepDefinitionMatch.java:50)
at cucumber.runner.TestStep.executeStep(TestStep.java:65)
at cucumber.runner.TestStep.run(TestStep.java:50)
at cucumber.runner.PickleStepTestStep.run(PickleStepTestStep.java:43)
at cucumber.runner.TestCase.run(TestCase.java:46)
at cucumber.runner.Runner.runPickle(Runner.java:50)
at io.cucumber.testng.TestNGCucumberRunner.runScenario(TestNGCucumberRunner.java:79)
at cucumber.api.testng.TestNGCucumberRunner.runScenario(TestNGCucumberRunner.java:24)
at cucumber.api.testng.AbstractTestNGCucumberTests.runScenario(AbstractTestNGCucumberTests.java:27)
at java.util.concurrent.FutureTask.run(FutureTask.java:266)
at java.util.concurrent.ThreadPoolExecutor.runWorker(ThreadPoolExecutor.java:1149)
at java.util.concurrent.ThreadPoolExecutor$Worker.run(ThreadPoolExecutor.java:624)
at java.lang.Thread.run(Thread.java:748)
... Removed 28 stack frames]]>
    </failure>
  </testcase> <!-- runScenario -->
</testsuite> <!-- Login and Update Profile Test -->
